Exporting package to 'C:\Users\Nicolas\Documents\Ingenieria\tanchero\transform.xml'
Retrieving data for export: diagram elements
Retrieving data for export: links
Retrieving data for export: constraints
Retrieving data for export: attribute tagged values
Retrieving data for export: operation tagged values
Retrieving data for export: operation parameter tagged values
Retrieving data for export: connector tagged values
Completed data retrieval
Pre-processing export tree...
Completed pre-processing
Processing package: Transform
Element:0: TransformCtrl
Element:1: OperationController
Element:2: TransformController
Element:3: OperationCtrl
Element:4: Axis
Element:5: Transformable
Diagram: Domain Model
Adding State-Tables
Formatting output XML...please wait
XMI Document Export Complete!
